<?xml version="1.0" encoding="UTF-8"?>
<coverage generated="1780987831543" clover="3.2.0">
  <project timestamp="1780987831543" name="All files">
    <metrics statements="25" coveredstatements="19" conditionals="2" coveredconditionals="1" methods="12" coveredmethods="6" elements="39" coveredelements="26" complexity="0" loc="25" ncloc="25" packages="2" files="8" classes="8"/>
    <package name="components">
      <metrics statements="14" coveredstatements="11" conditionals="2" coveredconditionals="1" methods="9" coveredmethods="6"/>
      <file name="Contact.jsx" path="D:\Ayush\React\food-app\src\components\Contact.jsx">
        <metrics statements="3" coveredstatements="3" conditionals="0" coveredconditionals="0" methods="2" coveredmethods="2"/>
        <line num="4" count="4" type="stmt"/>
        <line num="27" count="4" type="stmt"/>
        <line num="64" count="80" type="stmt"/>
      </file>
      <file name="Header.jsx" path="D:\Ayush\React\food-app\src\components\Header.jsx">
        <metrics statements="7" coveredstatements="6" conditionals="2" coveredconditionals="1" methods="4" coveredmethods="3"/>
        <line num="11" count="6" type="stmt"/>
        <line num="13" count="3" type="stmt"/>
        <line num="20" count="3" type="stmt"/>
        <line num="23" count="0" type="stmt"/>
        <line num="26" count="3" type="stmt"/>
        <line num="28" count="3" type="stmt"/>
        <line num="38" count="12" type="stmt"/>
      </file>
      <file name="SideBar.jsx" path="D:\Ayush\React\food-app\src\components\SideBar.jsx">
        <metrics statements="2" coveredstatements="0" conditionals="0" coveredconditionals="0" methods="2" coveredmethods="0"/>
        <line num="6" count="0" type="stmt"/>
        <line num="16" count="0" type="stmt"/>
      </file>
      <file name="sum.jsx" path="D:\Ayush\React\food-app\src\components\sum.jsx">
        <metrics statements="2" coveredstatements="2" conditionals="0" coveredconditionals="0" methods="1" coveredmethods="1"/>
        <line num="1" count="1" type="stmt"/>
        <line num="2" count="1" type="stmt"/>
      </file>
    </package>
    <package name="utils">
      <metrics statements="11" coveredstatements="8" conditionals="0" coveredconditionals="0" methods="3" coveredmethods="0"/>
      <file name="appStore.jsx" path="D:\Ayush\React\food-app\src\utils\appStore.jsx">
        <metrics statements="1" coveredstatements="1" conditionals="0" coveredconditionals="0" methods="0" coveredmethods="0"/>
        <line num="4" count="1" type="stmt"/>
      </file>
      <file name="cartSlice.jsx" path="D:\Ayush\React\food-app\src\utils\cartSlice.jsx">
        <metrics statements="5" coveredstatements="2" conditionals="0" coveredconditionals="0" methods="3" coveredmethods="0"/>
        <line num="3" count="1" type="stmt"/>
        <line num="11" count="0" type="stmt"/>
        <line num="14" count="0" type="stmt"/>
        <line num="20" count="0" type="stmt"/>
        <line num="25" count="1" type="stmt"/>
      </file>
      <file name="constants.jsx" path="D:\Ayush\React\food-app\src\utils\constants.jsx">
        <metrics statements="4" coveredstatements="4" conditionals="0" coveredconditionals="0" methods="0" coveredmethods="0"/>
        <line num="2" count="1" type="stmt"/>
        <line num="4" count="1" type="stmt"/>
        <line num="6" count="1" type="stmt"/>
        <line num="9" count="1" type="stmt"/>
      </file>
      <file name="userContext.jsx" path="D:\Ayush\React\food-app\src\utils\userContext.jsx">
        <metrics statements="1" coveredstatements="1" conditionals="0" coveredconditionals="0" methods="0" coveredmethods="0"/>
        <line num="3" count="1" type="stmt"/>
      </file>
    </package>
  </project>
</coverage>
