{"D:\\Ayush\\React\\food-app\\src\\components\\Contact.jsx": {"path":"D:\\Ayush\\React\\food-app\\src\\components\\Contact.jsx","statementMap":{"0":{"start":{"line":4,"column":23},"end":{"line":25,"column":3}},"1":{"start":{"line":27,"column":2},"end":{"line":79,"column":4}},"2":{"start":{"line":64,"column":14},"end":{"line":66,"column":23}}},"fnMap":{"0":{"name":"Contact","decl":{"start":{"line":3,"column":24},"end":{"line":3,"column":31}},"loc":{"start":{"line":3,"column":34},"end":{"line":80,"column":1}},"line":3},"1":{"name":"(anonymous_1)","decl":{"start":{"line":63,"column":30},"end":{"line":63,"column":31}},"loc":{"start":{"line":64,"column":14},"end":{"line":66,"column":23}},"line":64}},"branchMap":{},"s":{"0":4,"1":4,"2":80},"f":{"0":4,"1":80},"b":{},"_coverageSchema":"1a1c01bbd47fc00a2c39e90264f33305004495a9","hash":"30ca57bcbcf103a517e11f34821b0422b9667ad5"}
,"D:\\Ayush\\React\\food-app\\src\\components\\Header.jsx": {"path":"D:\\Ayush\\React\\food-app\\src\\components\\Header.jsx","statementMap":{"0":{"start":{"line":11,"column":20},"end":{"line":11,"column":60}},"1":{"start":{"line":11,"column":43},"end":{"line":11,"column":59}},"2":{"start":{"line":13,"column":19},"end":{"line":18,"column":3}},"3":{"start":{"line":20,"column":44},"end":{"line":20,"column":59}},"4":{"start":{"line":21,"column":32},"end":{"line":21,"column":47}},"5":{"start":{"line":24,"column":4},"end":{"line":24,"column":37}},"6":{"start":{"line":28,"column":4},"end":{"line":28,"column":25}},"7":{"start":{"line":31,"column":27},"end":{"line":31,"column":50}},"8":{"start":{"line":33,"column":2},"end":{"line":70,"column":4}},"9":{"start":{"line":43,"column":10},"end":{"line":45,"column":15}}},"fnMap":{"0":{"name":"Header","decl":{"start":{"line":10,"column":24},"end":{"line":10,"column":30}},"loc":{"start":{"line":10,"column":33},"end":{"line":71,"column":1}},"line":10},"1":{"name":"(anonymous_1)","decl":{"start":{"line":11,"column":32},"end":{"line":11,"column":33}},"loc":{"start":{"line":11,"column":43},"end":{"line":11,"column":59}},"line":11},"2":{"name":"toggleSidebar","decl":{"start":{"line":23,"column":11},"end":{"line":23,"column":24}},"loc":{"start":{"line":23,"column":27},"end":{"line":25,"column":3}},"line":23},"3":{"name":"handleLogin","decl":{"start":{"line":27,"column":11},"end":{"line":27,"column":22}},"loc":{"start":{"line":27,"column":25},"end":{"line":29,"column":3}},"line":27},"4":{"name":"(anonymous_4)","decl":{"start":{"line":42,"column":22},"end":{"line":42,"column":23}},"loc":{"start":{"line":43,"column":10},"end":{"line":45,"column":15}},"line":43}},"branchMap":{"0":{"loc":{"start":{"line":53,"column":13},"end":{"line":53,"column":41}},"type":"cond-expr","locations":[{"start":{"line":53,"column":23},"end":{"line":53,"column":31}},{"start":{"line":53,"column":34},"end":{"line":53,"column":41}}],"line":53},"1":{"loc":{"start":{"line":65,"column":9},"end":{"line":67,"column":9}},"type":"binary-expr","locations":[{"start":{"line":65,"column":9},"end":{"line":65,"column":22}},{"start":{"line":66,"column":10},"end":{"line":66,"column":71}}],"line":65}},"s":{"0":5,"1":9,"2":5,"3":5,"4":5,"5":0,"6":1,"7":5,"8":5,"9":20},"f":{"0":5,"1":9,"2":0,"3":1,"4":20},"b":{"0":[1,4],"1":[5,0]},"_coverageSchema":"1a1c01bbd47fc00a2c39e90264f33305004495a9","hash":"09d8783b9af10f83a72a41597e0a408b0cb23132"}
,"D:\\Ayush\\React\\food-app\\src\\components\\RestaurantCard.jsx": {"path":"D:\\Ayush\\React\\food-app\\src\\components\\RestaurantCard.jsx","statementMap":{"0":{"start":{"line":5,"column":4},"end":{"line":5,"column":17}},"1":{"start":{"line":7,"column":23},"end":{"line":7,"column":37}},"2":{"start":{"line":9,"column":2},"end":{"line":9,"column":22}},"3":{"start":{"line":11,"column":13},"end":{"line":11,"column":45}},"4":{"start":{"line":13,"column":2},"end":{"line":29,"column":4}}},"fnMap":{"0":{"name":"RestaurantCard","decl":{"start":{"line":3,"column":24},"end":{"line":3,"column":38}},"loc":{"start":{"line":3,"column":52},"end":{"line":30,"column":1}},"line":3}},"branchMap":{},"s":{"0":1,"1":1,"2":1,"3":1,"4":1},"f":{"0":1},"b":{},"_coverageSchema":"1a1c01bbd47fc00a2c39e90264f33305004495a9","hash":"24b592233449da6fc1e246e4eebb348ae22f60b3"}
,"D:\\Ayush\\React\\food-app\\src\\components\\SideBar.jsx": {"path":"D:\\Ayush\\React\\food-app\\src\\components\\SideBar.jsx","statementMap":{"0":{"start":{"line":6,"column":2},"end":{"line":28,"column":4}},"1":{"start":{"line":16,"column":10},"end":{"line":18,"column":15}}},"fnMap":{"0":{"name":"SideBar","decl":{"start":{"line":5,"column":24},"end":{"line":5,"column":31}},"loc":{"start":{"line":5,"column":61},"end":{"line":29,"column":1}},"line":5},"1":{"name":"(anonymous_1)","decl":{"start":{"line":15,"column":22},"end":{"line":15,"column":23}},"loc":{"start":{"line":16,"column":10},"end":{"line":18,"column":15}},"line":16}},"branchMap":{},"s":{"0":0,"1":0},"f":{"0":0,"1":0},"b":{},"_coverageSchema":"1a1c01bbd47fc00a2c39e90264f33305004495a9","hash":"67ee26e8f01470bb8b9b661ccb724101b99cd045"}
,"D:\\Ayush\\React\\food-app\\src\\components\\sum.jsx": {"path":"D:\\Ayush\\React\\food-app\\src\\components\\sum.jsx","statementMap":{"0":{"start":{"line":1,"column":19},"end":{"line":3,"column":1}},"1":{"start":{"line":2,"column":4},"end":{"line":2,"column":17}}},"fnMap":{"0":{"name":"(anonymous_0)","decl":{"start":{"line":1,"column":19},"end":{"line":1,"column":20}},"loc":{"start":{"line":1,"column":29},"end":{"line":3,"column":1}},"line":1}},"branchMap":{},"s":{"0":1,"1":1},"f":{"0":1},"b":{},"_coverageSchema":"1a1c01bbd47fc00a2c39e90264f33305004495a9","hash":"6d921350a33744f249eda9d0b60fb55e7be52ce1"}
,"D:\\Ayush\\React\\food-app\\src\\utils\\appStore.jsx": {"path":"D:\\Ayush\\React\\food-app\\src\\utils\\appStore.jsx","statementMap":{"0":{"start":{"line":4,"column":17},"end":{"line":8,"column":2}}},"fnMap":{},"branchMap":{},"s":{"0":1},"f":{},"b":{},"_coverageSchema":"1a1c01bbd47fc00a2c39e90264f33305004495a9","hash":"3577c1deb337383ba4fc8b4d7428690fe8a96f30"}
,"D:\\Ayush\\React\\food-app\\src\\utils\\cartSlice.jsx": {"path":"D:\\Ayush\\React\\food-app\\src\\utils\\cartSlice.jsx","statementMap":{"0":{"start":{"line":3,"column":18},"end":{"line":23,"column":2}},"1":{"start":{"line":11,"column":6},"end":{"line":11,"column":39}},"2":{"start":{"line":14,"column":6},"end":{"line":14,"column":24}},"3":{"start":{"line":20,"column":6},"end":{"line":20,"column":27}},"4":{"start":{"line":25,"column":50},"end":{"line":25,"column":67}}},"fnMap":{"0":{"name":"(anonymous_0)","decl":{"start":{"line":9,"column":13},"end":{"line":9,"column":14}},"loc":{"start":{"line":9,"column":32},"end":{"line":12,"column":5}},"line":9},"1":{"name":"(anonymous_1)","decl":{"start":{"line":13,"column":16},"end":{"line":13,"column":17}},"loc":{"start":{"line":13,"column":27},"end":{"line":15,"column":5}},"line":13},"2":{"name":"(anonymous_2)","decl":{"start":{"line":17,"column":15},"end":{"line":17,"column":16}},"loc":{"start":{"line":17,"column":26},"end":{"line":21,"column":5}},"line":17}},"branchMap":{},"s":{"0":1,"1":0,"2":0,"3":0,"4":1},"f":{"0":0,"1":0,"2":0},"b":{},"_coverageSchema":"1a1c01bbd47fc00a2c39e90264f33305004495a9","hash":"cc2e41133d14b66c5e862fc5ccbc0b62c7db93cd"}
,"D:\\Ayush\\React\\food-app\\src\\utils\\constants.jsx": {"path":"D:\\Ayush\\React\\food-app\\src\\utils\\constants.jsx","statementMap":{"0":{"start":{"line":2,"column":2},"end":{"line":2,"column":150}},"1":{"start":{"line":4,"column":2},"end":{"line":4,"column":85}},"2":{"start":{"line":6,"column":24},"end":{"line":6,"column":40}},"3":{"start":{"line":9,"column":2},"end":{"line":9,"column":121}}},"fnMap":{},"branchMap":{},"s":{"0":2,"1":2,"2":2,"3":2},"f":{},"b":{},"_coverageSchema":"1a1c01bbd47fc00a2c39e90264f33305004495a9","hash":"da21873d46e512c60329181c3c6082b03e33f259"}
,"D:\\Ayush\\React\\food-app\\src\\utils\\userContext.jsx": {"path":"D:\\Ayush\\React\\food-app\\src\\utils\\userContext.jsx","statementMap":{"0":{"start":{"line":3,"column":20},"end":{"line":5,"column":2}}},"fnMap":{},"branchMap":{},"s":{"0":1},"f":{},"b":{},"_coverageSchema":"1a1c01bbd47fc00a2c39e90264f33305004495a9","hash":"cdd529998d7548fcd618e6cc8daa38f026e1b2ec"}
}
