TN:
SF:src\components\Contact.jsx
FN:3,Contact
FN:63,(anonymous_1)
FNF:2
FNH:2
FNDA:4,Contact
FNDA:80,(anonymous_1)
DA:4,4
DA:27,4
DA:64,80
LF:3
LH:3
BRF:0
BRH:0
end_of_record
TN:
SF:src\components\Header.jsx
FN:10,Header
FN:11,(anonymous_1)
FN:23,toggleSidebar
FN:27,handleLogin
FN:42,(anonymous_4)
FNF:5
FNH:4
FNDA:5,Header
FNDA:9,(anonymous_1)
FNDA:0,toggleSidebar
FNDA:1,handleLogin
FNDA:20,(anonymous_4)
DA:11,9
DA:13,5
DA:20,5
DA:21,5
DA:24,0
DA:28,1
DA:31,5
DA:33,5
DA:43,20
LF:9
LH:8
BRDA:53,0,0,1
BRDA:53,0,1,4
BRDA:65,1,0,5
BRDA:65,1,1,0
BRF:4
BRH:3
end_of_record
TN:
SF:src\components\RestaurantCard.jsx
FN:3,RestaurantCard
FNF:1
FNH:1
FNDA:1,RestaurantCard
DA:5,1
DA:7,1
DA:9,1
DA:11,1
DA:13,1
LF:5
LH:5
BRF:0
BRH:0
end_of_record
TN:
SF:src\components\SideBar.jsx
FN:5,SideBar
FN:15,(anonymous_1)
FNF:2
FNH:0
FNDA:0,SideBar
FNDA:0,(anonymous_1)
DA:6,0
DA:16,0
LF:2
LH:0
BRF:0
BRH:0
end_of_record
TN:
SF:src\components\sum.jsx
FN:1,(anonymous_0)
FNF:1
FNH:1
FNDA:1,(anonymous_0)
DA:1,1
DA:2,1
LF:2
LH:2
BRF:0
BRH:0
end_of_record
TN:
SF:src\utils\appStore.jsx
FNF:0
FNH:0
DA:4,1
LF:1
LH:1
BRF:0
BRH:0
end_of_record
TN:
SF:src\utils\cartSlice.jsx
FN:9,(anonymous_0)
FN:13,(anonymous_1)
FN:17,(anonymous_2)
FNF:3
FNH:0
FNDA:0,(anonymous_0)
FNDA:0,(anonymous_1)
FNDA:0,(anonymous_2)
DA:3,1
DA:11,0
DA:14,0
DA:20,0
DA:25,1
LF:5
LH:2
BRF:0
BRH:0
end_of_record
TN:
SF:src\utils\constants.jsx
FNF:0
FNH:0
DA:2,2
DA:4,2
DA:6,2
DA:9,2
LF:4
LH:4
BRF:0
BRH:0
end_of_record
TN:
SF:src\utils\userContext.jsx
FNF:0
FNH:0
DA:3,1
LF:1
LH:1
BRF:0
BRH:0
end_of_record
